2025-12-05 21:40:39.777 [info] [main] Log level: Info
2025-12-05 21:40:39.777 [info] [main] Validating found git in: "git"
2025-12-05 21:40:39.777 [info] [main] Using git "2.34.1" from "git"
2025-12-05 21:40:39.777 [info] [Model][doInitialScan] Initial repository scan started
2025-12-05 21:40:39.777 [info] > git rev-parse --show-toplevel [5ms]
2025-12-05 21:40:39.777 [info] > git rev-parse --git-dir --git-common-dir [2ms]
2025-12-05 21:40:39.777 [info] [Model][openRepository] Opened repository (path): /workspace/.mcpworld/vscode/C-Plus-Plus
2025-12-05 21:40:39.777 [info] [Model][openRepository] Opened repository (real path): /workspace/.mcpworld/vscode/C-Plus-Plus
2025-12-05 21:40:39.783 [info] > git config --get commit.template [2ms]
2025-12-05 21:40:39.789 [info] [Git][getRemotes] No remotes found in the git config file
2025-12-05 21:40:39.811 [info] > git rev-parse --show-toplevel [18ms]
2025-12-05 21:40:39.811 [info] > git for-each-ref --format=%(refname)%00%(upstream:short)%00%(objectname)%00%(upstream:track)%00%(upstream:remotename)%00%(upstream:remoteref) refs/heads/master refs/remotes/master [22ms]
2025-12-05 21:40:39.841 [info] > git status -z -uall [26ms]
2025-12-05 21:40:39.841 [info] > git for-each-ref --sort -committerdate --format %(refname)%00%(objectname)%00%(*objectname) [21ms]
2025-12-05 21:40:39.862 [info] > git for-each-ref --format=%(refname)%00%(upstream:short)%00%(objectname)%00%(upstream:track)%00%(upstream:remotename)%00%(upstream:remoteref) refs/heads/master refs/remotes/master [7ms]
2025-12-05 21:40:39.866 [info] > git rev-parse --show-toplevel [28ms]
2025-12-05 21:40:39.872 [info] > git config --get --local branch.master.vscode-merge-base [6ms]
2025-12-05 21:40:39.872 [warning] [Git][config] git config failed: Failed to execute git
2025-12-05 21:40:39.876 [info] > git config --get commit.template [14ms]
2025-12-05 21:40:39.878 [info] > git reflog master --grep-reflog=branch: Created from *. [2ms]
2025-12-05 21:40:39.879 [info] > git rev-parse --show-toplevel [7ms]
2025-12-05 21:40:39.879 [info] [Git][getRemotes] No remotes found in the git config file
2025-12-05 21:40:39.887 [info] > git for-each-ref --format=%(refname)%00%(upstream:short)%00%(objectname)%00%(upstream:track)%00%(upstream:remotename)%00%(upstream:remoteref) refs/heads/master refs/remotes/master [4ms]
2025-12-05 21:40:39.895 [info] > git status -z -uall [5ms]
2025-12-05 21:40:39.895 [info] > git rev-parse --show-toplevel [9ms]
2025-12-05 21:40:39.899 [info] > git for-each-ref --sort -committerdate --format %(refname)%00%(objectname)%00%(*objectname) [5ms]
2025-12-05 21:40:39.901 [info] > git rev-parse --show-toplevel [2ms]
2025-12-05 21:40:39.905 [info] > git rev-parse --show-toplevel [0ms]
2025-12-05 21:40:39.910 [info] > git rev-parse --show-toplevel [1ms]
2025-12-05 21:40:39.914 [info] > git rev-parse --show-toplevel [1ms]
2025-12-05 21:40:39.915 [info] [Model][doInitialScan] Initial repository scan completed - repositories (1), closed repositories (0), parent repositories (0), unsafe repositories (0)
2025-12-05 21:40:40.315 [info] > git check-ignore -v -z --stdin [1ms]
