2025-12-05 18:50:20.489 [info] [main] Log level: Info
2025-12-05 18:50:20.489 [info] [main] Validating found git in: "git"
2025-12-05 18:50:20.489 [info] [main] Using git "2.34.1" from "git"
2025-12-05 18:50:20.489 [info] [Model][doInitialScan] Initial repository scan started
2025-12-05 18:50:20.489 [info] > git rev-parse --show-toplevel [5ms]
2025-12-05 18:50:20.489 [info] > git rev-parse --git-dir --git-common-dir [2ms]
2025-12-05 18:50:20.489 [info] [Model][openRepository] Opened repository (path): /workspace/.mcpworld/vscode/C-Plus-Plus
2025-12-05 18:50:20.489 [info] [Model][openRepository] Opened repository (real path): /workspace/.mcpworld/vscode/C-Plus-Plus
2025-12-05 18:50:20.495 [info] > git config --get commit.template [2ms]
2025-12-05 18:50:20.502 [info] [Git][getRemotes] No remotes found in the git config file
2025-12-05 18:50:20.506 [info] > git for-each-ref --format=%(refname)%00%(upstream:short)%00%(objectname)%00%(upstream:track)%00%(upstream:remotename)%00%(upstream:remoteref) refs/heads/master refs/remotes/master [5ms]
2025-12-05 18:50:20.535 [info] > git status -z -uall [25ms]
2025-12-05 18:50:20.535 [info] > git for-each-ref --sort -committerdate --format %(refname)%00%(objectname)%00%(*objectname) [20ms]
2025-12-05 18:50:20.552 [info] > git rev-parse --show-toplevel [46ms]
2025-12-05 18:50:20.575 [info] > git for-each-ref --format=%(refname)%00%(upstream:short)%00%(objectname)%00%(upstream:track)%00%(upstream:remotename)%00%(upstream:remoteref) refs/heads/master refs/remotes/master [25ms]
2025-12-05 18:50:20.582 [info] > git config --get --local branch.master.vscode-merge-base [3ms]
2025-12-05 18:50:20.582 [warning] [Git][config] git config failed: Failed to execute git
2025-12-05 18:50:20.586 [info] > git rev-parse --show-toplevel [11ms]
2025-12-05 18:50:20.586 [info] > git config --get commit.template [15ms]
2025-12-05 18:50:20.592 [info] > git reflog master --grep-reflog=branch: Created from *. [6ms]
2025-12-05 18:50:20.596 [info] [Git][getRemotes] No remotes found in the git config file
2025-12-05 18:50:20.596 [info] > git rev-parse --show-toplevel [5ms]
2025-12-05 18:50:20.601 [info] > git for-each-ref --format=%(refname)%00%(upstream:short)%00%(objectname)%00%(upstream:track)%00%(upstream:remotename)%00%(upstream:remoteref) refs/heads/master refs/remotes/master [5ms]
2025-12-05 18:50:20.609 [info] > git status -z -uall [5ms]
2025-12-05 18:50:20.609 [info] > git rev-parse --show-toplevel [9ms]
2025-12-05 18:50:20.613 [info] > git for-each-ref --sort -committerdate --format %(refname)%00%(objectname)%00%(*objectname) [5ms]
2025-12-05 18:50:20.615 [info] > git rev-parse --show-toplevel [3ms]
2025-12-05 18:50:20.619 [info] > git rev-parse --show-toplevel [1ms]
2025-12-05 18:50:20.624 [info] > git rev-parse --show-toplevel [1ms]
2025-12-05 18:50:20.628 [info] > git rev-parse --show-toplevel [1ms]
2025-12-05 18:50:20.629 [info] [Model][doInitialScan] Initial repository scan completed - repositories (1), closed repositories (0), parent repositories (0), unsafe repositories (0)
2025-12-05 18:50:21.020 [info] > git check-ignore -v -z --stdin [1ms]
