2025-11-17 05:36:57.169 [info] [main] Log level: Info
2025-11-17 05:36:57.169 [info] [main] Validating found git in: "git"
2025-11-17 05:36:57.169 [info] [main] Using git "2.34.1" from "git"
2025-11-17 05:36:57.169 [info] [Model][doInitialScan] Initial repository scan started
2025-11-17 05:36:57.169 [info] > git rev-parse --show-toplevel [5ms]
2025-11-17 05:36:57.169 [info] > git rev-parse --git-dir --git-common-dir [2ms]
2025-11-17 05:36:57.169 [info] [Model][openRepository] Opened repository (path): /workspace/.mcpworld/vscode/C-Plus-Plus
2025-11-17 05:36:57.169 [info] [Model][openRepository] Opened repository (real path): /workspace/.mcpworld/vscode/C-Plus-Plus
2025-11-17 05:36:57.170 [info] > git config --get commit.template [2ms]
2025-11-17 05:36:57.179 [info] [Git][getRemotes] No remotes found in the git config file
2025-11-17 05:36:57.185 [info] > git for-each-ref --format=%(refname)%00%(upstream:short)%00%(objectname)%00%(upstream:track)%00%(upstream:remotename)%00%(upstream:remoteref) refs/heads/master refs/remotes/master [7ms]
2025-11-17 05:36:57.216 [info] > git status -z -uall [24ms]
2025-11-17 05:36:57.216 [info] > git for-each-ref --sort -committerdate --format %(refname)%00%(objectname)%00%(*objectname) [19ms]
2025-11-17 05:36:57.234 [info] > git rev-parse --show-toplevel [50ms]
2025-11-17 05:36:57.264 [info] > git for-each-ref --format=%(refname)%00%(upstream:short)%00%(objectname)%00%(upstream:track)%00%(upstream:remotename)%00%(upstream:remoteref) refs/heads/master refs/remotes/master [32ms]
2025-11-17 05:36:57.273 [info] > git config --get --local branch.master.vscode-merge-base [4ms]
2025-11-17 05:36:57.274 [warning] [Git][config] git config failed: Failed to execute git
2025-11-17 05:36:57.279 [info] > git rev-parse --show-toplevel [18ms]
2025-11-17 05:36:57.279 [info] > git config --get commit.template [23ms]
2025-11-17 05:36:57.290 [info] [Git][getRemotes] No remotes found in the git config file
2025-11-17 05:36:57.290 [info] > git reflog master --grep-reflog=branch: Created from *. [11ms]
2025-11-17 05:36:57.291 [info] > git for-each-ref --format=%(refname)%00%(upstream:short)%00%(objectname)%00%(upstream:track)%00%(upstream:remotename)%00%(upstream:remoteref) refs/heads/master refs/remotes/master [2ms]
2025-11-17 05:36:57.300 [info] > git rev-parse --show-toplevel [15ms]
2025-11-17 05:36:57.306 [info] > git status -z -uall [11ms]
2025-11-17 05:36:57.307 [info] > git rev-parse --show-toplevel [2ms]
2025-11-17 05:36:57.307 [info] > git for-each-ref --sort -committerdate --format %(refname)%00%(objectname)%00%(*objectname) [7ms]
2025-11-17 05:36:57.314 [info] > git rev-parse --show-toplevel [1ms]
2025-11-17 05:36:57.320 [info] > git rev-parse --show-toplevel [0ms]
2025-11-17 05:36:57.326 [info] > git rev-parse --show-toplevel [0ms]
2025-11-17 05:36:57.332 [info] > git rev-parse --show-toplevel [1ms]
2025-11-17 05:36:57.333 [info] [Model][doInitialScan] Initial repository scan completed - repositories (1), closed repositories (0), parent repositories (0), unsafe repositories (0)
2025-11-17 05:36:57.703 [info] > git check-ignore -v -z --stdin [1ms]
