2025-12-05 22:29:56.194 [info] [main] Log level: Info
2025-12-05 22:29:56.194 [info] [main] Validating found git in: "git"
2025-12-05 22:29:56.194 [info] [main] Using git "2.34.1" from "git"
2025-12-05 22:29:56.194 [info] [Model][doInitialScan] Initial repository scan started
2025-12-05 22:29:56.194 [info] > git rev-parse --show-toplevel [5ms]
2025-12-05 22:29:56.194 [info] > git rev-parse --git-dir --git-common-dir [2ms]
2025-12-05 22:29:56.194 [info] [Model][openRepository] Opened repository (path): /workspace/.mcpworld/vscode/C-Plus-Plus
2025-12-05 22:29:56.194 [info] [Model][openRepository] Opened repository (real path): /workspace/.mcpworld/vscode/C-Plus-Plus
2025-12-05 22:29:56.195 [info] > git config --get commit.template [2ms]
2025-12-05 22:29:56.201 [info] [Git][getRemotes] No remotes found in the git config file
2025-12-05 22:29:56.205 [info] > git for-each-ref --format=%(refname)%00%(upstream:short)%00%(objectname)%00%(upstream:track)%00%(upstream:remotename)%00%(upstream:remoteref) refs/heads/master refs/remotes/master [5ms]
2025-12-05 22:29:56.232 [info] > git status -z -uall [22ms]
2025-12-05 22:29:56.232 [info] > git for-each-ref --sort -committerdate --format %(refname)%00%(objectname)%00%(*objectname) [18ms]
2025-12-05 22:29:56.252 [info] > git rev-parse --show-toplevel [47ms]
2025-12-05 22:29:56.276 [info] > git for-each-ref --format=%(refname)%00%(upstream:short)%00%(objectname)%00%(upstream:track)%00%(upstream:remotename)%00%(upstream:remoteref) refs/heads/master refs/remotes/master [26ms]
2025-12-05 22:29:56.280 [info] > git log --format=%H%n%aN%n%aE%n%at%n%ct%n%P%n%D%n%B -z -n1 [41ms]
2025-12-05 22:29:56.284 [info] > git config --get --local branch.master.vscode-merge-base [4ms]
2025-12-05 22:29:56.284 [warning] [Git][config] git config failed: Failed to execute git
2025-12-05 22:29:56.288 [info] > git rev-parse --show-toplevel [13ms]
2025-12-05 22:29:56.288 [info] > git config --get commit.template [16ms]
2025-12-05 22:29:56.294 [info] > git reflog master --grep-reflog=branch: Created from *. [6ms]
2025-12-05 22:29:56.298 [info] [Git][getRemotes] No remotes found in the git config file
2025-12-05 22:29:56.299 [info] > git rev-parse --show-toplevel [6ms]
2025-12-05 22:29:56.305 [info] > git rev-parse --show-toplevel [3ms]
2025-12-05 22:29:56.305 [info] > git for-each-ref --format=%(refname)%00%(upstream:short)%00%(objectname)%00%(upstream:track)%00%(upstream:remotename)%00%(upstream:remoteref) refs/heads/master refs/remotes/master [7ms]
2025-12-05 22:29:56.316 [info] > git status -z -uall [8ms]
2025-12-05 22:29:56.317 [info] > git for-each-ref --sort -committerdate --format %(refname)%00%(objectname)%00%(*objectname) [5ms]
2025-12-05 22:29:56.322 [info] > git rev-parse --show-toplevel [6ms]
2025-12-05 22:29:56.326 [info] > git log --format=%H%n%aN%n%aE%n%at%n%ct%n%P%n%D%n%B -z -n1 [5ms]
2025-12-05 22:29:56.327 [info] > git rev-parse --show-toplevel [1ms]
2025-12-05 22:29:56.332 [info] > git rev-parse --show-toplevel [1ms]
2025-12-05 22:29:56.336 [info] > git rev-parse --show-toplevel [0ms]
2025-12-05 22:29:56.338 [info] [Model][doInitialScan] Initial repository scan completed - repositories (1), closed repositories (0), parent repositories (0), unsafe repositories (0)
2025-12-05 22:29:56.721 [info] > git check-ignore -v -z --stdin [1ms]
2025-12-05 22:30:09.360 [info] [Git][getRemotes] No remotes found in the git config file
2025-12-05 22:30:09.360 [info] > git config --get commit.template [5ms]
2025-12-05 22:30:09.361 [info] > git for-each-ref --format=%(refname)%00%(upstream:short)%00%(objectname)%00%(upstream:track)%00%(upstream:remotename)%00%(upstream:remoteref) refs/heads/master refs/remotes/master [1ms]
2025-12-05 22:30:09.368 [info] > git status -z -uall [4ms]
2025-12-05 22:30:09.369 [info] > git for-each-ref --sort -committerdate --format %(refname)%00%(objectname)%00%(*objectname) [1ms]
2025-12-05 22:30:09.378 [info] > git log --format=%H%n%aN%n%aE%n%at%n%ct%n%P%n%D%n%B -z -n1 [4ms]
2025-12-05 22:30:09.380 [info] > git log --format=%H%n%aN%n%aE%n%at%n%ct%n%P%n%D%n%B -z -n1 [2ms]
